TimeQuest Timing Analyzer report for lab3
Tue Mar 15 18:39:11 2016
Quartus Prime Version 15.1.0 Build 185 10/21/2015 SJ Lite Edition


---------------------
; Table of Contents ;
---------------------
  1. Legal Notice
  2. TimeQuest Timing Analyzer Summary
  3. Parallel Compilation
  4. Clocks
  5. Slow 1200mV 85C Model Fmax Summary
  6. Timing Closure Recommendations
  7. Slow 1200mV 85C Model Setup Summary
  8. Slow 1200mV 85C Model Hold Summary
  9. Slow 1200mV 85C Model Recovery Summary
 10. Slow 1200mV 85C Model Removal Summary
 11. Slow 1200mV 85C Model Minimum Pulse Width Summary
 12. Slow 1200mV 85C Model Setup: 'button2'
 13. Slow 1200mV 85C Model Setup: 'clk'
 14. Slow 1200mV 85C Model Hold: 'button2'
 15. Slow 1200mV 85C Model Hold: 'clk'
 16. Slow 1200mV 85C Model Metastability Summary
 17. Slow 1200mV 0C Model Fmax Summary
 18. Slow 1200mV 0C Model Setup Summary
 19. Slow 1200mV 0C Model Hold Summary
 20. Slow 1200mV 0C Model Recovery Summary
 21. Slow 1200mV 0C Model Removal Summary
 22. Slow 1200mV 0C Model Minimum Pulse Width Summary
 23. Slow 1200mV 0C Model Setup: 'button2'
 24. Slow 1200mV 0C Model Setup: 'clk'
 25. Slow 1200mV 0C Model Hold: 'button2'
 26. Slow 1200mV 0C Model Hold: 'clk'
 27. Slow 1200mV 0C Model Metastability Summary
 28. Fast 1200mV 0C Model Setup Summary
 29. Fast 1200mV 0C Model Hold Summary
 30. Fast 1200mV 0C Model Recovery Summary
 31. Fast 1200mV 0C Model Removal Summary
 32. Fast 1200mV 0C Model Minimum Pulse Width Summary
 33. Fast 1200mV 0C Model Setup: 'button2'
 34. Fast 1200mV 0C Model Setup: 'clk'
 35. Fast 1200mV 0C Model Hold: 'button2'
 36. Fast 1200mV 0C Model Hold: 'clk'
 37. Fast 1200mV 0C Model Metastability Summary
 38. Multicorner Timing Analysis Summary
 39. Board Trace Model Assignments
 40. Input Transition Times
 41. Signal Integrity Metrics (Slow 1200mv 0c Model)
 42. Signal Integrity Metrics (Slow 1200mv 85c Model)
 43. Signal Integrity Metrics (Fast 1200mv 0c Model)
 44. Setup Transfers
 45. Hold Transfers
 46. Report TCCS
 47. Report RSKM
 48. Unconstrained Paths Summary
 49. Clock Status Summary
 50. Unconstrained Input Ports
 51. Unconstrained Output Ports
 52. Unconstrained Input Ports
 53. Unconstrained Output Ports
 54. TimeQuest Timing Analyzer Messages



----------------
; Legal Notice ;
----------------
Copyright (C) 1991-2015 Altera Corporation. All rights reserved.
Your use of Altera Corporation's design tools, logic functions 
and other software and tools, and its AMPP partner logic 
functions, and any output files from any of the foregoing 
(including device programming or simulation files), and any 
associated documentation or information are expressly subject 
to the terms and conditions of the Altera Program License 
Subscription Agreement, the Altera Quartus Prime License Agreement,
the Altera MegaCore Function License Agreement, or other 
applicable license agreement, including, without limitation, 
that your use is for the sole purpose of programming logic 
devices manufactured by Altera and sold by Altera or its 
authorized distributors.  Please refer to the applicable 
agreement for further details.



+-----------------------------------------------------------------------------+
; TimeQuest Timing Analyzer Summary                                           ;
+-----------------------+-----------------------------------------------------+
; Quartus Prime Version ; Version 15.1.0 Build 185 10/21/2015 SJ Lite Edition ;
; Timing Analyzer       ; TimeQuest                                           ;
; Revision Name         ; lab3                                                ;
; Device Family         ; Cyclone IV E                                        ;
; Device Name           ; EP4CE22F17C6                                        ;
; Timing Models         ; Final                                               ;
; Delay Model           ; Combined                                            ;
; Rise/Fall Delays      ; Enabled                                             ;
+-----------------------+-----------------------------------------------------+


+------------------------------------------+
; Parallel Compilation                     ;
+----------------------------+-------------+
; Processors                 ; Number      ;
+----------------------------+-------------+
; Number detected on machine ; 4           ;
; Maximum allowed            ; 2           ;
;                            ;             ;
; Average used               ; 1.00        ;
; Maximum used               ; 2           ;
;                            ;             ;
; Usage by Processor         ; % Time Used ;
;     Processor 1            ; 100.0%      ;
;     Processor 2            ; < 0.1%      ;
+----------------------------+-------------+


+-------------------------------------------------------------------------------------------------------------------------------------------------------------------------------------+
; Clocks                                                                                                                                                                              ;
+------------+------+--------+------------+-------+-------+------------+-----------+-------------+-------+--------+-----------+------------+----------+--------+--------+-------------+
; Clock Name ; Type ; Period ; Frequency  ; Rise  ; Fall  ; Duty Cycle ; Divide by ; Multiply by ; Phase ; Offset ; Edge List ; Edge Shift ; Inverted ; Master ; Source ; Targets     ;
+------------+------+--------+------------+-------+-------+------------+-----------+-------------+-------+--------+-----------+------------+----------+--------+--------+-------------+
; button2    ; Base ; 1.000  ; 1000.0 MHz ; 0.000 ; 0.500 ;            ;           ;             ;       ;        ;           ;            ;          ;        ;        ; { button2 } ;
; clk        ; Base ; 1.000  ; 1000.0 MHz ; 0.000 ; 0.500 ;            ;           ;             ;       ;        ;           ;            ;          ;        ;        ; { clk }     ;
+------------+------+--------+------------+-------+-------+------------+-----------+-------------+-------+--------+-----------+------------+----------+--------+--------+-------------+


+-----------------------------------------------------------------------------------------------------------+
; Slow 1200mV 85C Model Fmax Summary                                                                        ;
+------------+-----------------+------------+---------------------------------------------------------------+
; Fmax       ; Restricted Fmax ; Clock Name ; Note                                                          ;
+------------+-----------------+------------+---------------------------------------------------------------+
; 519.21 MHz ; 250.0 MHz       ; button2    ; limit due to minimum period restriction (max I/O toggle rate) ;
+------------+-----------------+------------+---------------------------------------------------------------+
This panel reports FMAX for every clock in the design, regardless of the user-specified clock periods.  FMAX is only computed for paths where the source and destination registers or ports are driven by the same clock.  Paths of different clocks, including generated clocks, are ignored.  For paths between a clock and its inversion, FMAX is computed as if the rising and falling edges are scaled along with FMAX, such that the duty cycle (in terms of a percentage) is maintained. Altera recommends that you always use clock constraints and other slack reports for sign-off analysis.


----------------------------------
; Timing Closure Recommendations ;
----------------------------------
HTML report is unavailable in plain text report export.


+-------------------------------------+
; Slow 1200mV 85C Model Setup Summary ;
+---------+--------+------------------+
; Clock   ; Slack  ; End Point TNS    ;
+---------+--------+------------------+
; button2 ; -0.926 ; -2.279           ;
; clk     ; -0.149 ; -0.149           ;
+---------+--------+------------------+


+------------------------------------+
; Slow 1200mV 85C Model Hold Summary ;
+---------+-------+------------------+
; Clock   ; Slack ; End Point TNS    ;
+---------+-------+------------------+
; button2 ; 0.211 ; 0.000            ;
; clk     ; 0.316 ; 0.000            ;
+---------+-------+------------------+


------------------------------------------
; Slow 1200mV 85C Model Recovery Summary ;
------------------------------------------
No paths to report.


-----------------------------------------
; Slow 1200mV 85C Model Removal Summary ;
-----------------------------------------
No paths to report.


+---------------------------------------------------+
; Slow 1200mV 85C Model Minimum Pulse Width Summary ;
+---------+--------+--------------------------------+
; Clock   ; Slack  ; End Point TNS                  ;
+---------+--------+--------------------------------+
; clk     ; -3.000 ; -9.522                         ;
; button2 ; -3.000 ; -8.000                         ;
+---------+--------+--------------------------------+


+----------------------------------------------------------------------------------------------------------------+
; Slow 1200mV 85C Model Setup: 'button2'                                                                         ;
+--------+----------------+----------------+--------------+-------------+--------------+------------+------------+
; Slack  ; From Node      ; To Node        ; Launch Clock ; Latch Clock ; Relationship ; Clock Skew ; Data Delay ;
+--------+----------------+----------------+--------------+-------------+--------------+------------+------------+
; -0.926 ; address_sig[1] ; data_sig[1]    ; button2      ; button2     ; 1.000        ; 0.704      ; 1.719      ;
; -0.700 ; address_sig[2] ; data_sig[1]    ; button2      ; button2     ; 1.000        ; 0.704      ; 1.493      ;
; -0.691 ; address_sig[3] ; data_sig[1]    ; button2      ; button2     ; 1.000        ; 0.704      ; 1.484      ;
; -0.599 ; address_sig[0] ; data_sig[1]    ; button2      ; button2     ; 1.000        ; 0.704      ; 1.392      ;
; -0.557 ; address_sig[4] ; data_sig[1]    ; button2      ; button2     ; 1.000        ; 0.704      ; 1.350      ;
; -0.430 ; address_sig[1] ; address_sig[1] ; button2      ; button2     ; 1.000        ; -0.062     ; 1.363      ;
; -0.387 ; address_sig[0] ; address_sig[4] ; button2      ; button2     ; 1.000        ; -0.062     ; 1.320      ;
; -0.367 ; address_sig[1] ; address_sig[4] ; button2      ; button2     ; 1.000        ; -0.062     ; 1.300      ;
; -0.327 ; address_sig[3] ; address_sig[4] ; button2      ; button2     ; 1.000        ; -0.062     ; 1.260      ;
; -0.300 ; address_sig[0] ; data_sig[0]    ; button2      ; button2     ; 1.000        ; 0.704      ; 1.226      ;
; -0.179 ; address_sig[0] ; address_sig[3] ; button2      ; button2     ; 1.000        ; -0.062     ; 1.112      ;
; -0.171 ; address_sig[2] ; address_sig[3] ; button2      ; button2     ; 1.000        ; -0.062     ; 1.104      ;
; -0.103 ; address_sig[0] ; address_sig[1] ; button2      ; button2     ; 1.000        ; -0.062     ; 1.036      ;
; -0.089 ; address_sig[2] ; address_sig[4] ; button2      ; button2     ; 1.000        ; -0.062     ; 1.022      ;
; -0.057 ; address_sig[1] ; address_sig[2] ; button2      ; button2     ; 1.000        ; -0.062     ; 0.990      ;
; 0.189  ; address_sig[1] ; address_sig[3] ; button2      ; button2     ; 1.000        ; -0.062     ; 0.744      ;
; 0.212  ; address_sig[0] ; address_sig[2] ; button2      ; button2     ; 1.000        ; -0.062     ; 0.721      ;
; 0.274  ; address_sig[0] ; address_sig[0] ; button2      ; button2     ; 1.000        ; -0.062     ; 0.659      ;
; 0.274  ; address_sig[4] ; address_sig[4] ; button2      ; button2     ; 1.000        ; -0.062     ; 0.659      ;
; 0.274  ; address_sig[3] ; address_sig[3] ; button2      ; button2     ; 1.000        ; -0.062     ; 0.659      ;
; 0.274  ; address_sig[2] ; address_sig[2] ; button2      ; button2     ; 1.000        ; -0.062     ; 0.659      ;
+--------+----------------+----------------+--------------+-------------+--------------+------------+------------+


+-------------------------------------------------------------------------------------------------------------------------------------------------------------------------------------------------------------+
; Slow 1200mV 85C Model Setup: 'clk'                                                                                                                                                                          ;
+--------+----------------+-------------------------------------------------------------------------------------------------------------+--------------+-------------+--------------+------------+------------+
; Slack  ; From Node      ; To Node                                                                                                     ; Launch Clock ; Latch Clock ; Relationship ; Clock Skew ; Data Delay ;
+--------+----------------+-------------------------------------------------------------------------------------------------------------+--------------+-------------+--------------+------------+------------+
; -0.149 ; data_sig[0]    ; ram:ram_inst|altsyncram:altsyncram_component|altsyncram_e8i1:auto_generated|ram_block1a0~porta_datain_reg0  ; button2      ; clk         ; 1.000        ; -0.462     ; 0.705      ;
; -0.117 ; data_sig[1]    ; ram:ram_inst|altsyncram:altsyncram_component|altsyncram_e8i1:auto_generated|ram_block1a0~porta_datain_reg0  ; button2      ; clk         ; 1.000        ; -0.462     ; 0.673      ;
; 0.128  ; address_sig[2] ; ram:ram_inst|altsyncram:altsyncram_component|altsyncram_e8i1:auto_generated|ram_block1a0~porta_address_reg0 ; button2      ; clk         ; 1.000        ; 0.338      ; 1.228      ;
; 0.140  ; address_sig[3] ; ram:ram_inst|altsyncram:altsyncram_component|altsyncram_e8i1:auto_generated|ram_block1a0~porta_address_reg0 ; button2      ; clk         ; 1.000        ; 0.338      ; 1.216      ;
; 0.170  ; address_sig[0] ; ram:ram_inst|altsyncram:altsyncram_component|altsyncram_e8i1:auto_generated|ram_block1a0~porta_address_reg0 ; button2      ; clk         ; 1.000        ; 0.338      ; 1.186      ;
; 0.197  ; address_sig[4] ; ram:ram_inst|altsyncram:altsyncram_component|altsyncram_e8i1:auto_generated|ram_block1a0~porta_address_reg0 ; button2      ; clk         ; 1.000        ; 0.338      ; 1.159      ;
; 0.220  ; address_sig[1] ; ram:ram_inst|altsyncram:altsyncram_component|altsyncram_e8i1:auto_generated|ram_block1a0~porta_address_reg0 ; button2      ; clk         ; 1.000        ; 0.338      ; 1.136      ;
+--------+----------------+-------------------------------------------------------------------------------------------------------------+--------------+-------------+--------------+------------+------------+


+---------------------------------------------------------------------------------------------------------------+
; Slow 1200mV 85C Model Hold: 'button2'                                                                         ;
+-------+----------------+----------------+--------------+-------------+--------------+------------+------------+
; Slack ; From Node      ; To Node        ; Launch Clock ; Latch Clock ; Relationship ; Clock Skew ; Data Delay ;
+-------+----------------+----------------+--------------+-------------+--------------+------------+------------+
; 0.211 ; address_sig[0] ; data_sig[0]    ; button2      ; button2     ; 0.000        ; 0.890      ; 1.101      ;
; 0.317 ; address_sig[4] ; data_sig[1]    ; button2      ; button2     ; 0.000        ; 0.890      ; 1.207      ;
; 0.358 ; address_sig[4] ; address_sig[4] ; button2      ; button2     ; 0.000        ; 0.062      ; 0.577      ;
; 0.358 ; address_sig[3] ; address_sig[3] ; button2      ; button2     ; 0.000        ; 0.062      ; 0.577      ;
; 0.358 ; address_sig[2] ; address_sig[2] ; button2      ; button2     ; 0.000        ; 0.062      ; 0.577      ;
; 0.361 ; address_sig[0] ; address_sig[0] ; button2      ; button2     ; 0.000        ; 0.062      ; 0.580      ;
; 0.364 ; address_sig[0] ; data_sig[1]    ; button2      ; button2     ; 0.000        ; 0.890      ; 1.254      ;
; 0.387 ; address_sig[2] ; data_sig[1]    ; button2      ; button2     ; 0.000        ; 0.890      ; 1.277      ;
; 0.389 ; address_sig[3] ; data_sig[1]    ; button2      ; button2     ; 0.000        ; 0.890      ; 1.279      ;
; 0.398 ; address_sig[0] ; address_sig[2] ; button2      ; button2     ; 0.000        ; 0.062      ; 0.617      ;
; 0.412 ; address_sig[1] ; address_sig[3] ; button2      ; button2     ; 0.000        ; 0.062      ; 0.631      ;
; 0.595 ; address_sig[1] ; data_sig[1]    ; button2      ; button2     ; 0.000        ; 0.890      ; 1.485      ;
; 0.596 ; address_sig[1] ; address_sig[2] ; button2      ; button2     ; 0.000        ; 0.062      ; 0.815      ;
; 0.685 ; address_sig[2] ; address_sig[4] ; button2      ; button2     ; 0.000        ; 0.062      ; 0.904      ;
; 0.698 ; address_sig[0] ; address_sig[1] ; button2      ; button2     ; 0.000        ; 0.062      ; 0.917      ;
; 0.727 ; address_sig[2] ; address_sig[3] ; button2      ; button2     ; 0.000        ; 0.062      ; 0.946      ;
; 0.730 ; address_sig[0] ; address_sig[3] ; button2      ; button2     ; 0.000        ; 0.062      ; 0.949      ;
; 0.869 ; address_sig[3] ; address_sig[4] ; button2      ; button2     ; 0.000        ; 0.062      ; 1.088      ;
; 0.886 ; address_sig[1] ; address_sig[4] ; button2      ; button2     ; 0.000        ; 0.062      ; 1.105      ;
; 0.917 ; address_sig[1] ; address_sig[1] ; button2      ; button2     ; 0.000        ; 0.062      ; 1.136      ;
; 0.945 ; address_sig[0] ; address_sig[4] ; button2      ; button2     ; 0.000        ; 0.062      ; 1.164      ;
+-------+----------------+----------------+--------------+-------------+--------------+------------+------------+


+------------------------------------------------------------------------------------------------------------------------------------------------------------------------------------------------------------+
; Slow 1200mV 85C Model Hold: 'clk'                                                                                                                                                                          ;
+-------+----------------+-------------------------------------------------------------------------------------------------------------+--------------+-------------+--------------+------------+------------+
; Slack ; From Node      ; To Node                                                                                                     ; Launch Clock ; Latch Clock ; Relationship ; Clock Skew ; Data Delay ;
+-------+----------------+-------------------------------------------------------------------------------------------------------------+--------------+-------------+--------------+------------+------------+
; 0.316 ; address_sig[1] ; ram:ram_inst|altsyncram:altsyncram_component|altsyncram_e8i1:auto_generated|ram_block1a0~porta_address_reg0 ; button2      ; clk         ; 0.000        ; 0.520      ; 1.053      ;
; 0.328 ; address_sig[4] ; ram:ram_inst|altsyncram:altsyncram_component|altsyncram_e8i1:auto_generated|ram_block1a0~porta_address_reg0 ; button2      ; clk         ; 0.000        ; 0.520      ; 1.065      ;
; 0.352 ; address_sig[0] ; ram:ram_inst|altsyncram:altsyncram_component|altsyncram_e8i1:auto_generated|ram_block1a0~porta_address_reg0 ; button2      ; clk         ; 0.000        ; 0.520      ; 1.089      ;
; 0.384 ; address_sig[3] ; ram:ram_inst|altsyncram:altsyncram_component|altsyncram_e8i1:auto_generated|ram_block1a0~porta_address_reg0 ; button2      ; clk         ; 0.000        ; 0.520      ; 1.121      ;
; 0.397 ; address_sig[2] ; ram:ram_inst|altsyncram:altsyncram_component|altsyncram_e8i1:auto_generated|ram_block1a0~porta_address_reg0 ; button2      ; clk         ; 0.000        ; 0.520      ; 1.134      ;
; 0.679 ; data_sig[1]    ; ram:ram_inst|altsyncram:altsyncram_component|altsyncram_e8i1:auto_generated|ram_block1a0~porta_datain_reg0  ; button2      ; clk         ; 0.000        ; -0.265     ; 0.631      ;
; 0.711 ; data_sig[0]    ; ram:ram_inst|altsyncram:altsyncram_component|altsyncram_e8i1:auto_generated|ram_block1a0~porta_datain_reg0  ; button2      ; clk         ; 0.000        ; -0.265     ; 0.663      ;
+-------+----------------+-------------------------------------------------------------------------------------------------------------+--------------+-------------+--------------+------------+------------+


-----------------------------------------------
; Slow 1200mV 85C Model Metastability Summary ;
-----------------------------------------------
No synchronizer chains to report.


+-----------------------------------------------------------------------------------------------------------+
; Slow 1200mV 0C Model Fmax Summary                                                                         ;
+------------+-----------------+------------+---------------------------------------------------------------+
; Fmax       ; Restricted Fmax ; Clock Name ; Note                                                          ;
+------------+-----------------+------------+---------------------------------------------------------------+
; 574.71 MHz ; 250.0 MHz       ; button2    ; limit due to minimum period restriction (max I/O toggle rate) ;
+------------+-----------------+------------+---------------------------------------------------------------+
This panel reports FMAX for every clock in the design, regardless of the user-specified clock periods.  FMAX is only computed for paths where the source and destination registers or ports are driven by the same clock.  Paths of different clocks, including generated clocks, are ignored.  For paths between a clock and its inversion, FMAX is computed as if the rising and falling edges are scaled along with FMAX, such that the duty cycle (in terms of a percentage) is maintained. Altera recommends that you always use clock constraints and other slack reports for sign-off analysis.


+------------------------------------+
; Slow 1200mV 0C Model Setup Summary ;
+---------+--------+-----------------+
; Clock   ; Slack  ; End Point TNS   ;
+---------+--------+-----------------+
; button2 ; -0.740 ; -1.477          ;
; clk     ; 0.012  ; 0.000           ;
+---------+--------+-----------------+


+-----------------------------------+
; Slow 1200mV 0C Model Hold Summary ;
+---------+-------+-----------------+
; Clock   ; Slack ; End Point TNS   ;
+---------+-------+-----------------+
; button2 ; 0.233 ; 0.000           ;
; clk     ; 0.263 ; 0.000           ;
+---------+-------+-----------------+


-----------------------------------------
; Slow 1200mV 0C Model Recovery Summary ;
-----------------------------------------
No paths to report.


----------------------------------------
; Slow 1200mV 0C Model Removal Summary ;
----------------------------------------
No paths to report.


+--------------------------------------------------+
; Slow 1200mV 0C Model Minimum Pulse Width Summary ;
+---------+--------+-------------------------------+
; Clock   ; Slack  ; End Point TNS                 ;
+---------+--------+-------------------------------+
; clk     ; -3.000 ; -9.522                        ;
; button2 ; -3.000 ; -8.000                        ;
+---------+--------+-------------------------------+


+----------------------------------------------------------------------------------------------------------------+
; Slow 1200mV 0C Model Setup: 'button2'                                                                          ;
+--------+----------------+----------------+--------------+-------------+--------------+------------+------------+
; Slack  ; From Node      ; To Node        ; Launch Clock ; Latch Clock ; Relationship ; Clock Skew ; Data Delay ;
+--------+----------------+----------------+--------------+-------------+--------------+------------+------------+
; -0.740 ; address_sig[1] ; data_sig[1]    ; button2      ; button2     ; 1.000        ; 0.613      ; 1.538      ;
; -0.532 ; address_sig[2] ; data_sig[1]    ; button2      ; button2     ; 1.000        ; 0.613      ; 1.330      ;
; -0.524 ; address_sig[3] ; data_sig[1]    ; button2      ; button2     ; 1.000        ; 0.613      ; 1.322      ;
; -0.455 ; address_sig[0] ; data_sig[1]    ; button2      ; button2     ; 1.000        ; 0.613      ; 1.253      ;
; -0.409 ; address_sig[4] ; data_sig[1]    ; button2      ; button2     ; 1.000        ; 0.613      ; 1.207      ;
; -0.273 ; address_sig[1] ; address_sig[1] ; button2      ; button2     ; 1.000        ; -0.055     ; 1.213      ;
; -0.244 ; address_sig[0] ; address_sig[4] ; button2      ; button2     ; 1.000        ; -0.055     ; 1.184      ;
; -0.224 ; address_sig[1] ; address_sig[4] ; button2      ; button2     ; 1.000        ; -0.055     ; 1.164      ;
; -0.188 ; address_sig[3] ; address_sig[4] ; button2      ; button2     ; 1.000        ; -0.055     ; 1.128      ;
; -0.169 ; address_sig[0] ; data_sig[0]    ; button2      ; button2     ; 1.000        ; 0.613      ; 1.085      ;
; -0.051 ; address_sig[0] ; address_sig[3] ; button2      ; button2     ; 1.000        ; -0.055     ; 0.991      ;
; -0.041 ; address_sig[2] ; address_sig[3] ; button2      ; button2     ; 1.000        ; -0.055     ; 0.981      ;
; 0.009  ; address_sig[0] ; address_sig[1] ; button2      ; button2     ; 1.000        ; -0.055     ; 0.931      ;
; 0.024  ; address_sig[2] ; address_sig[4] ; button2      ; button2     ; 1.000        ; -0.055     ; 0.916      ;
; 0.054  ; address_sig[1] ; address_sig[2] ; button2      ; button2     ; 1.000        ; -0.055     ; 0.886      ;
; 0.269  ; address_sig[1] ; address_sig[3] ; button2      ; button2     ; 1.000        ; -0.055     ; 0.671      ;
; 0.292  ; address_sig[0] ; address_sig[2] ; button2      ; button2     ; 1.000        ; -0.055     ; 0.648      ;
; 0.357  ; address_sig[0] ; address_sig[0] ; button2      ; button2     ; 1.000        ; -0.055     ; 0.583      ;
; 0.357  ; address_sig[4] ; address_sig[4] ; button2      ; button2     ; 1.000        ; -0.055     ; 0.583      ;
; 0.357  ; address_sig[3] ; address_sig[3] ; button2      ; button2     ; 1.000        ; -0.055     ; 0.583      ;
; 0.357  ; address_sig[2] ; address_sig[2] ; button2      ; button2     ; 1.000        ; -0.055     ; 0.583      ;
+--------+----------------+----------------+--------------+-------------+--------------+------------+------------+


+------------------------------------------------------------------------------------------------------------------------------------------------------------------------------------------------------------+
; Slow 1200mV 0C Model Setup: 'clk'                                                                                                                                                                          ;
+-------+----------------+-------------------------------------------------------------------------------------------------------------+--------------+-------------+--------------+------------+------------+
; Slack ; From Node      ; To Node                                                                                                     ; Launch Clock ; Latch Clock ; Relationship ; Clock Skew ; Data Delay ;
+-------+----------------+-------------------------------------------------------------------------------------------------------------+--------------+-------------+--------------+------------+------------+
; 0.012 ; data_sig[0]    ; ram:ram_inst|altsyncram:altsyncram_component|altsyncram_e8i1:auto_generated|ram_block1a0~porta_datain_reg0  ; button2      ; clk         ; 1.000        ; -0.347     ; 0.651      ;
; 0.045 ; data_sig[1]    ; ram:ram_inst|altsyncram:altsyncram_component|altsyncram_e8i1:auto_generated|ram_block1a0~porta_datain_reg0  ; button2      ; clk         ; 1.000        ; -0.346     ; 0.619      ;
; 0.254 ; address_sig[2] ; ram:ram_inst|altsyncram:altsyncram_component|altsyncram_e8i1:auto_generated|ram_block1a0~porta_address_reg0 ; button2      ; clk         ; 1.000        ; 0.351      ; 1.107      ;
; 0.267 ; address_sig[3] ; ram:ram_inst|altsyncram:altsyncram_component|altsyncram_e8i1:auto_generated|ram_block1a0~porta_address_reg0 ; button2      ; clk         ; 1.000        ; 0.351      ; 1.094      ;
; 0.293 ; address_sig[0] ; ram:ram_inst|altsyncram:altsyncram_component|altsyncram_e8i1:auto_generated|ram_block1a0~porta_address_reg0 ; button2      ; clk         ; 1.000        ; 0.351      ; 1.068      ;
; 0.324 ; address_sig[4] ; ram:ram_inst|altsyncram:altsyncram_component|altsyncram_e8i1:auto_generated|ram_block1a0~porta_address_reg0 ; button2      ; clk         ; 1.000        ; 0.351      ; 1.037      ;
; 0.339 ; address_sig[1] ; ram:ram_inst|altsyncram:altsyncram_component|altsyncram_e8i1:auto_generated|ram_block1a0~porta_address_reg0 ; button2      ; clk         ; 1.000        ; 0.351      ; 1.022      ;
+-------+----------------+-------------------------------------------------------------------------------------------------------------+--------------+-------------+--------------+------------+------------+


+---------------------------------------------------------------------------------------------------------------+
; Slow 1200mV 0C Model Hold: 'button2'                                                                          ;
+-------+----------------+----------------+--------------+-------------+--------------+------------+------------+
; Slack ; From Node      ; To Node        ; Launch Clock ; Latch Clock ; Relationship ; Clock Skew ; Data Delay ;
+-------+----------------+----------------+--------------+-------------+--------------+------------+------------+
; 0.233 ; address_sig[0] ; data_sig[0]    ; button2      ; button2     ; 0.000        ; 0.777      ; 1.010      ;
; 0.312 ; address_sig[4] ; address_sig[4] ; button2      ; button2     ; 0.000        ; 0.055      ; 0.511      ;
; 0.312 ; address_sig[3] ; address_sig[3] ; button2      ; button2     ; 0.000        ; 0.055      ; 0.511      ;
; 0.312 ; address_sig[2] ; address_sig[2] ; button2      ; button2     ; 0.000        ; 0.055      ; 0.511      ;
; 0.320 ; address_sig[0] ; address_sig[0] ; button2      ; button2     ; 0.000        ; 0.055      ; 0.519      ;
; 0.321 ; address_sig[4] ; data_sig[1]    ; button2      ; button2     ; 0.000        ; 0.776      ; 1.097      ;
; 0.355 ; address_sig[0] ; address_sig[2] ; button2      ; button2     ; 0.000        ; 0.055      ; 0.554      ;
; 0.364 ; address_sig[0] ; data_sig[1]    ; button2      ; button2     ; 0.000        ; 0.776      ; 1.140      ;
; 0.368 ; address_sig[1] ; address_sig[3] ; button2      ; button2     ; 0.000        ; 0.055      ; 0.567      ;
; 0.385 ; address_sig[2] ; data_sig[1]    ; button2      ; button2     ; 0.000        ; 0.776      ; 1.161      ;
; 0.387 ; address_sig[3] ; data_sig[1]    ; button2      ; button2     ; 0.000        ; 0.776      ; 1.163      ;
; 0.536 ; address_sig[1] ; address_sig[2] ; button2      ; button2     ; 0.000        ; 0.055      ; 0.735      ;
; 0.565 ; address_sig[1] ; data_sig[1]    ; button2      ; button2     ; 0.000        ; 0.776      ; 1.341      ;
; 0.618 ; address_sig[2] ; address_sig[4] ; button2      ; button2     ; 0.000        ; 0.055      ; 0.817      ;
; 0.626 ; address_sig[0] ; address_sig[1] ; button2      ; button2     ; 0.000        ; 0.055      ; 0.825      ;
; 0.662 ; address_sig[2] ; address_sig[3] ; button2      ; button2     ; 0.000        ; 0.055      ; 0.861      ;
; 0.667 ; address_sig[0] ; address_sig[3] ; button2      ; button2     ; 0.000        ; 0.055      ; 0.866      ;
; 0.780 ; address_sig[3] ; address_sig[4] ; button2      ; button2     ; 0.000        ; 0.055      ; 0.979      ;
; 0.795 ; address_sig[1] ; address_sig[4] ; button2      ; button2     ; 0.000        ; 0.055      ; 0.994      ;
; 0.821 ; address_sig[1] ; address_sig[1] ; button2      ; button2     ; 0.000        ; 0.055      ; 1.020      ;
; 0.860 ; address_sig[0] ; address_sig[4] ; button2      ; button2     ; 0.000        ; 0.055      ; 1.059      ;
+-------+----------------+----------------+--------------+-------------+--------------+------------+------------+


+------------------------------------------------------------------------------------------------------------------------------------------------------------------------------------------------------------+
; Slow 1200mV 0C Model Hold: 'clk'                                                                                                                                                                           ;
+-------+----------------+-------------------------------------------------------------------------------------------------------------+--------------+-------------+--------------+------------+------------+
; Slack ; From Node      ; To Node                                                                                                     ; Launch Clock ; Latch Clock ; Relationship ; Clock Skew ; Data Delay ;
+-------+----------------+-------------------------------------------------------------------------------------------------------------+--------------+-------------+--------------+------------+------------+
; 0.263 ; address_sig[1] ; ram:ram_inst|altsyncram:altsyncram_component|altsyncram_e8i1:auto_generated|ram_block1a0~porta_address_reg0 ; button2      ; clk         ; 0.000        ; 0.519      ; 0.981      ;
; 0.268 ; address_sig[4] ; ram:ram_inst|altsyncram:altsyncram_component|altsyncram_e8i1:auto_generated|ram_block1a0~porta_address_reg0 ; button2      ; clk         ; 0.000        ; 0.519      ; 0.986      ;
; 0.293 ; address_sig[0] ; ram:ram_inst|altsyncram:altsyncram_component|altsyncram_e8i1:auto_generated|ram_block1a0~porta_address_reg0 ; button2      ; clk         ; 0.000        ; 0.519      ; 1.011      ;
; 0.324 ; address_sig[3] ; ram:ram_inst|altsyncram:altsyncram_component|altsyncram_e8i1:auto_generated|ram_block1a0~porta_address_reg0 ; button2      ; clk         ; 0.000        ; 0.519      ; 1.042      ;
; 0.335 ; address_sig[2] ; ram:ram_inst|altsyncram:altsyncram_component|altsyncram_e8i1:auto_generated|ram_block1a0~porta_address_reg0 ; button2      ; clk         ; 0.000        ; 0.519      ; 1.053      ;
; 0.550 ; data_sig[1]    ; ram:ram_inst|altsyncram:altsyncram_component|altsyncram_e8i1:auto_generated|ram_block1a0~porta_datain_reg0  ; button2      ; clk         ; 0.000        ; -0.165     ; 0.584      ;
; 0.585 ; data_sig[0]    ; ram:ram_inst|altsyncram:altsyncram_component|altsyncram_e8i1:auto_generated|ram_block1a0~porta_datain_reg0  ; button2      ; clk         ; 0.000        ; -0.165     ; 0.619      ;
+-------+----------------+-------------------------------------------------------------------------------------------------------------+--------------+-------------+--------------+------------+------------+


----------------------------------------------
; Slow 1200mV 0C Model Metastability Summary ;
----------------------------------------------
No synchronizer chains to report.


+------------------------------------+
; Fast 1200mV 0C Model Setup Summary ;
+---------+--------+-----------------+
; Clock   ; Slack  ; End Point TNS   ;
+---------+--------+-----------------+
; button2 ; -0.061 ; -0.061          ;
; clk     ; 0.255  ; 0.000           ;
+---------+--------+-----------------+


+-----------------------------------+
; Fast 1200mV 0C Model Hold Summary ;
+---------+-------+-----------------+
; Clock   ; Slack ; End Point TNS   ;
+---------+-------+-----------------+
; button2 ; 0.063 ; 0.000           ;
; clk     ; 0.173 ; 0.000           ;
+---------+-------+-----------------+


-----------------------------------------
; Fast 1200mV 0C Model Recovery Summary ;
-----------------------------------------
No paths to report.


----------------------------------------
; Fast 1200mV 0C Model Removal Summary ;
----------------------------------------
No paths to report.


+--------------------------------------------------+
; Fast 1200mV 0C Model Minimum Pulse Width Summary ;
+---------+--------+-------------------------------+
; Clock   ; Slack  ; End Point TNS                 ;
+---------+--------+-------------------------------+
; button2 ; -3.000 ; -8.285                        ;
; clk     ; -3.000 ; -6.590                        ;
+---------+--------+-------------------------------+


+----------------------------------------------------------------------------------------------------------------+
; Fast 1200mV 0C Model Setup: 'button2'                                                                          ;
+--------+----------------+----------------+--------------+-------------+--------------+------------+------------+
; Slack  ; From Node      ; To Node        ; Launch Clock ; Latch Clock ; Relationship ; Clock Skew ; Data Delay ;
+--------+----------------+----------------+--------------+-------------+--------------+------------+------------+
; -0.061 ; address_sig[1] ; data_sig[1]    ; button2      ; button2     ; 1.000        ; 0.408      ; 0.945      ;
; 0.062  ; address_sig[2] ; data_sig[1]    ; button2      ; button2     ; 1.000        ; 0.408      ; 0.822      ;
; 0.063  ; address_sig[3] ; data_sig[1]    ; button2      ; button2     ; 1.000        ; 0.408      ; 0.821      ;
; 0.124  ; address_sig[0] ; data_sig[1]    ; button2      ; button2     ; 1.000        ; 0.408      ; 0.760      ;
; 0.139  ; address_sig[4] ; data_sig[1]    ; button2      ; button2     ; 1.000        ; 0.408      ; 0.745      ;
; 0.202  ; address_sig[1] ; address_sig[1] ; button2      ; button2     ; 1.000        ; -0.036     ; 0.749      ;
; 0.221  ; address_sig[0] ; address_sig[4] ; button2      ; button2     ; 1.000        ; -0.036     ; 0.730      ;
; 0.229  ; address_sig[1] ; address_sig[4] ; button2      ; button2     ; 1.000        ; -0.036     ; 0.722      ;
; 0.253  ; address_sig[3] ; address_sig[4] ; button2      ; button2     ; 1.000        ; -0.036     ; 0.698      ;
; 0.281  ; address_sig[0] ; data_sig[0]    ; button2      ; button2     ; 1.000        ; 0.409      ; 0.686      ;
; 0.331  ; address_sig[0] ; address_sig[3] ; button2      ; button2     ; 1.000        ; -0.036     ; 0.620      ;
; 0.338  ; address_sig[2] ; address_sig[3] ; button2      ; button2     ; 1.000        ; -0.036     ; 0.613      ;
; 0.387  ; address_sig[0] ; address_sig[1] ; button2      ; button2     ; 1.000        ; -0.036     ; 0.564      ;
; 0.392  ; address_sig[2] ; address_sig[4] ; button2      ; button2     ; 1.000        ; -0.036     ; 0.559      ;
; 0.405  ; address_sig[1] ; address_sig[2] ; button2      ; button2     ; 1.000        ; -0.036     ; 0.546      ;
; 0.546  ; address_sig[1] ; address_sig[3] ; button2      ; button2     ; 1.000        ; -0.036     ; 0.405      ;
; 0.560  ; address_sig[0] ; address_sig[2] ; button2      ; button2     ; 1.000        ; -0.036     ; 0.391      ;
; 0.592  ; address_sig[0] ; address_sig[0] ; button2      ; button2     ; 1.000        ; -0.036     ; 0.359      ;
; 0.592  ; address_sig[4] ; address_sig[4] ; button2      ; button2     ; 1.000        ; -0.036     ; 0.359      ;
; 0.592  ; address_sig[3] ; address_sig[3] ; button2      ; button2     ; 1.000        ; -0.036     ; 0.359      ;
; 0.592  ; address_sig[2] ; address_sig[2] ; button2      ; button2     ; 1.000        ; -0.036     ; 0.359      ;
+--------+----------------+----------------+--------------+-------------+--------------+------------+------------+


+------------------------------------------------------------------------------------------------------------------------------------------------------------------------------------------------------------+
; Fast 1200mV 0C Model Setup: 'clk'                                                                                                                                                                          ;
+-------+----------------+-------------------------------------------------------------------------------------------------------------+--------------+-------------+--------------+------------+------------+
; Slack ; From Node      ; To Node                                                                                                     ; Launch Clock ; Latch Clock ; Relationship ; Clock Skew ; Data Delay ;
+-------+----------------+-------------------------------------------------------------------------------------------------------------+--------------+-------------+--------------+------------+------------+
; 0.255 ; data_sig[0]    ; ram:ram_inst|altsyncram:altsyncram_component|altsyncram_e8i1:auto_generated|ram_block1a0~porta_datain_reg0  ; button2      ; clk         ; 1.000        ; -0.319     ; 0.425      ;
; 0.277 ; data_sig[1]    ; ram:ram_inst|altsyncram:altsyncram_component|altsyncram_e8i1:auto_generated|ram_block1a0~porta_datain_reg0  ; button2      ; clk         ; 1.000        ; -0.318     ; 0.404      ;
; 0.410 ; address_sig[2] ; ram:ram_inst|altsyncram:altsyncram_component|altsyncram_e8i1:auto_generated|ram_block1a0~porta_address_reg0 ; button2      ; clk         ; 1.000        ; 0.145      ; 0.734      ;
; 0.432 ; address_sig[3] ; ram:ram_inst|altsyncram:altsyncram_component|altsyncram_e8i1:auto_generated|ram_block1a0~porta_address_reg0 ; button2      ; clk         ; 1.000        ; 0.145      ; 0.712      ;
; 0.450 ; address_sig[0] ; ram:ram_inst|altsyncram:altsyncram_component|altsyncram_e8i1:auto_generated|ram_block1a0~porta_address_reg0 ; button2      ; clk         ; 1.000        ; 0.145      ; 0.694      ;
; 0.465 ; address_sig[4] ; ram:ram_inst|altsyncram:altsyncram_component|altsyncram_e8i1:auto_generated|ram_block1a0~porta_address_reg0 ; button2      ; clk         ; 1.000        ; 0.145      ; 0.679      ;
; 0.480 ; address_sig[1] ; ram:ram_inst|altsyncram:altsyncram_component|altsyncram_e8i1:auto_generated|ram_block1a0~porta_address_reg0 ; button2      ; clk         ; 1.000        ; 0.145      ; 0.664      ;
+-------+----------------+-------------------------------------------------------------------------------------------------------------+--------------+-------------+--------------+------------+------------+


+---------------------------------------------------------------------------------------------------------------+
; Fast 1200mV 0C Model Hold: 'button2'                                                                          ;
+-------+----------------+----------------+--------------+-------------+--------------+------------+------------+
; Slack ; From Node      ; To Node        ; Launch Clock ; Latch Clock ; Relationship ; Clock Skew ; Data Delay ;
+-------+----------------+----------------+--------------+-------------+--------------+------------+------------+
; 0.063 ; address_sig[0] ; data_sig[0]    ; button2      ; button2     ; 0.000        ; 0.518      ; 0.581      ;
; 0.124 ; address_sig[4] ; data_sig[1]    ; button2      ; button2     ; 0.000        ; 0.517      ; 0.641      ;
; 0.147 ; address_sig[0] ; data_sig[1]    ; button2      ; button2     ; 0.000        ; 0.517      ; 0.664      ;
; 0.164 ; address_sig[2] ; data_sig[1]    ; button2      ; button2     ; 0.000        ; 0.517      ; 0.681      ;
; 0.166 ; address_sig[3] ; data_sig[1]    ; button2      ; button2     ; 0.000        ; 0.517      ; 0.683      ;
; 0.187 ; address_sig[4] ; address_sig[4] ; button2      ; button2     ; 0.000        ; 0.036      ; 0.307      ;
; 0.187 ; address_sig[3] ; address_sig[3] ; button2      ; button2     ; 0.000        ; 0.036      ; 0.307      ;
; 0.187 ; address_sig[2] ; address_sig[2] ; button2      ; button2     ; 0.000        ; 0.036      ; 0.307      ;
; 0.194 ; address_sig[0] ; address_sig[0] ; button2      ; button2     ; 0.000        ; 0.036      ; 0.314      ;
; 0.209 ; address_sig[0] ; address_sig[2] ; button2      ; button2     ; 0.000        ; 0.036      ; 0.329      ;
; 0.218 ; address_sig[1] ; address_sig[3] ; button2      ; button2     ; 0.000        ; 0.036      ; 0.338      ;
; 0.280 ; address_sig[1] ; data_sig[1]    ; button2      ; button2     ; 0.000        ; 0.517      ; 0.797      ;
; 0.322 ; address_sig[1] ; address_sig[2] ; button2      ; button2     ; 0.000        ; 0.036      ; 0.442      ;
; 0.360 ; address_sig[2] ; address_sig[4] ; button2      ; button2     ; 0.000        ; 0.036      ; 0.480      ;
; 0.364 ; address_sig[0] ; address_sig[1] ; button2      ; button2     ; 0.000        ; 0.036      ; 0.484      ;
; 0.385 ; address_sig[2] ; address_sig[3] ; button2      ; button2     ; 0.000        ; 0.036      ; 0.505      ;
; 0.386 ; address_sig[0] ; address_sig[3] ; button2      ; button2     ; 0.000        ; 0.036      ; 0.506      ;
; 0.465 ; address_sig[3] ; address_sig[4] ; button2      ; button2     ; 0.000        ; 0.036      ; 0.585      ;
; 0.478 ; address_sig[1] ; address_sig[4] ; button2      ; button2     ; 0.000        ; 0.036      ; 0.598      ;
; 0.497 ; address_sig[1] ; address_sig[1] ; button2      ; button2     ; 0.000        ; 0.036      ; 0.617      ;
; 0.499 ; address_sig[0] ; address_sig[4] ; button2      ; button2     ; 0.000        ; 0.036      ; 0.619      ;
+-------+----------------+----------------+--------------+-------------+--------------+------------+------------+


+------------------------------------------------------------------------------------------------------------------------------------------------------------------------------------------------------------+
; Fast 1200mV 0C Model Hold: 'clk'                                                                                                                                                                           ;
+-------+----------------+-------------------------------------------------------------------------------------------------------------+--------------+-------------+--------------+------------+------------+
; Slack ; From Node      ; To Node                                                                                                     ; Launch Clock ; Latch Clock ; Relationship ; Clock Skew ; Data Delay ;
+-------+----------------+-------------------------------------------------------------------------------------------------------------+--------------+-------------+--------------+------------+------------+
; 0.173 ; address_sig[1] ; ram:ram_inst|altsyncram:altsyncram_component|altsyncram_e8i1:auto_generated|ram_block1a0~porta_address_reg0 ; button2      ; clk         ; 0.000        ; 0.260      ; 0.567      ;
; 0.181 ; address_sig[4] ; ram:ram_inst|altsyncram:altsyncram_component|altsyncram_e8i1:auto_generated|ram_block1a0~porta_address_reg0 ; button2      ; clk         ; 0.000        ; 0.260      ; 0.575      ;
; 0.196 ; address_sig[0] ; ram:ram_inst|altsyncram:altsyncram_component|altsyncram_e8i1:auto_generated|ram_block1a0~porta_address_reg0 ; button2      ; clk         ; 0.000        ; 0.260      ; 0.590      ;
; 0.209 ; address_sig[3] ; ram:ram_inst|altsyncram:altsyncram_component|altsyncram_e8i1:auto_generated|ram_block1a0~porta_address_reg0 ; button2      ; clk         ; 0.000        ; 0.260      ; 0.603      ;
; 0.230 ; address_sig[2] ; ram:ram_inst|altsyncram:altsyncram_component|altsyncram_e8i1:auto_generated|ram_block1a0~porta_address_reg0 ; button2      ; clk         ; 0.000        ; 0.260      ; 0.624      ;
; 0.404 ; data_sig[1]    ; ram:ram_inst|altsyncram:altsyncram_component|altsyncram_e8i1:auto_generated|ram_block1a0~porta_datain_reg0  ; button2      ; clk         ; 0.000        ; -0.197     ; 0.341      ;
; 0.421 ; data_sig[0]    ; ram:ram_inst|altsyncram:altsyncram_component|altsyncram_e8i1:auto_generated|ram_block1a0~porta_datain_reg0  ; button2      ; clk         ; 0.000        ; -0.198     ; 0.357      ;
+-------+----------------+-------------------------------------------------------------------------------------------------------------+--------------+-------------+--------------+------------+------------+


----------------------------------------------
; Fast 1200mV 0C Model Metastability Summary ;
----------------------------------------------
No synchronizer chains to report.


+------------------------------------------------------------------------------+
; Multicorner Timing Analysis Summary                                          ;
+------------------+--------+-------+----------+---------+---------------------+
; Clock            ; Setup  ; Hold  ; Recovery ; Removal ; Minimum Pulse Width ;
+------------------+--------+-------+----------+---------+---------------------+
; Worst-case Slack ; -0.926 ; 0.063 ; N/A      ; N/A     ; -3.000              ;
;  button2         ; -0.926 ; 0.063 ; N/A      ; N/A     ; -3.000              ;
;  clk             ; -0.149 ; 0.173 ; N/A      ; N/A     ; -3.000              ;
; Design-wide TNS  ; -2.428 ; 0.0   ; 0.0      ; 0.0     ; -17.522             ;
;  button2         ; -2.279 ; 0.000 ; N/A      ; N/A     ; -8.285              ;
;  clk             ; -0.149 ; 0.000 ; N/A      ; N/A     ; -9.522              ;
+------------------+--------+-------+----------+---------+---------------------+


+------------------------------------------------------------------------------------------------------------------------------------------------------------------------------------------------------------------------------------------------------------------------------------------------------------------------------------------------------------------------------------------------------------------+
; Board Trace Model Assignments                                                                                                                                                                                                                                                                                                                                                                                    ;
+---------------+--------------+-------------------+-------------------------+-------------------------+---------------+---------------------+----------------+------------------+--------+------------------+------------------------+------------------------+--------------+---------------+-----------------+-------+---------------------+--------------------+---------------+-----------------+-------------+
; Pin           ; I/O Standard ; Near Tline Length ; Near Tline L per Length ; Near Tline C per Length ; Near Series R ; Near Differential R ; Near Pull-up R ; Near Pull-down R ; Near C ; Far Tline Length ; Far Tline L per Length ; Far Tline C per Length ; Far Series R ; Far Pull-up R ; Far Pull-down R ; Far C ; Termination Voltage ; Far Differential R ; EBD File Name ; EBD Signal Name ; EBD Far-end ;
+---------------+--------------+-------------------+-------------------------+-------------------------+---------------+---------------------+----------------+------------------+--------+------------------+------------------------+------------------------+--------------+---------------+-----------------+-------+---------------------+--------------------+---------------+-----------------+-------------+
; led[0]        ; 2.5 V        ; 0 in              ; 0 H/in                  ; 0 F/in                  ; short         ; -                   ; open           ; open             ; open   ; 0 in             ; 0 H/in                 ; 0 F/in                 ; short        ; open          ; open            ; open  ; 0 V                 ; -                  ; n/a           ; n/a             ; n/a         ;
; led[1]        ; 2.5 V        ; 0 in              ; 0 H/in                  ; 0 F/in                  ; short         ; -                   ; open           ; open             ; open   ; 0 in             ; 0 H/in                 ; 0 F/in                 ; short        ; open          ; open            ; open  ; 0 V                 ; -                  ; n/a           ; n/a             ; n/a         ;
; ~ALTERA_DCLK~ ; 2.5 V        ; 0 in              ; 0 H/in                  ; 0 F/in                  ; short         ; -                   ; open           ; open             ; open   ; 0 in             ; 0 H/in                 ; 0 F/in                 ; short        ; open          ; open            ; open  ; 0 V                 ; -                  ; n/a           ; n/a             ; n/a         ;
; ~ALTERA_nCEO~ ; 2.5 V        ; 0 in              ; 0 H/in                  ; 0 F/in                  ; short         ; -                   ; open           ; open             ; open   ; 0 in             ; 0 H/in                 ; 0 F/in                 ; short        ; open          ; open            ; open  ; 0 V                 ; -                  ; n/a           ; n/a             ; n/a         ;
+---------------+--------------+-------------------+-------------------------+-------------------------+---------------+---------------------+----------------+------------------+--------+------------------+------------------------+------------------------+--------------+---------------+-----------------+-------+---------------------+--------------------+---------------+-----------------+-------------+


+----------------------------------------------------------------------------+
; Input Transition Times                                                     ;
+-------------------------+--------------+-----------------+-----------------+
; Pin                     ; I/O Standard ; 10-90 Rise Time ; 90-10 Fall Time ;
+-------------------------+--------------+-----------------+-----------------+
; dip                     ; 2.5 V        ; 2000 ps         ; 2000 ps         ;
; clk                     ; 2.5 V        ; 2000 ps         ; 2000 ps         ;
; button2                 ; 2.5 V        ; 2000 ps         ; 2000 ps         ;
; button1                 ; 2.5 V        ; 2000 ps         ; 2000 ps         ;
; ~ALTERA_ASDO_DATA1~     ; 2.5 V        ; 2000 ps         ; 2000 ps         ;
; ~ALTERA_FLASH_nCE_nCSO~ ; 2.5 V        ; 2000 ps         ; 2000 ps         ;
; ~ALTERA_DATA0~          ; 2.5 V        ; 2000 ps         ; 2000 ps         ;
+-------------------------+--------------+-----------------+-----------------+


+--------------------------------------------------------------------------------------------------------------------------------------------------------------------------------------------------------------------------------------------------------------------------------------------------------------------------------------------------------------------------------------------------------------------------------------------------------------------------------------------------------------------------------------------------------------------------------------------------------------------------------------------------------------------------------------------+
; Signal Integrity Metrics (Slow 1200mv 0c Model)                                                                                                                                                                                                                                                                                                                                                                                                                                                                                                                                                                                                                                            ;
+---------------+--------------+---------------------+---------------------+------------------------------+------------------------------+---------------------+---------------------+--------------------------------------+--------------------------------------+-----------------------------+-----------------------------+----------------------------+----------------------------+-----------------------------+-----------------------------+--------------------+--------------------+-------------------------------------+-------------------------------------+----------------------------+----------------------------+---------------------------+---------------------------+
; Pin           ; I/O Standard ; Board Delay on Rise ; Board Delay on Fall ; Steady State Voh at FPGA Pin ; Steady State Vol at FPGA Pin ; Voh Max at FPGA Pin ; Vol Min at FPGA Pin ; Ringback Voltage on Rise at FPGA Pin ; Ringback Voltage on Fall at FPGA Pin ; 10-90 Rise Time at FPGA Pin ; 90-10 Fall Time at FPGA Pin ; Monotonic Rise at FPGA Pin ; Monotonic Fall at FPGA Pin ; Steady State Voh at Far-end ; Steady State Vol at Far-end ; Voh Max at Far-end ; Vol Min at Far-end ; Ringback Voltage on Rise at Far-end ; Ringback Voltage on Fall at Far-end ; 10-90 Rise Time at Far-end ; 90-10 Fall Time at Far-end ; Monotonic Rise at Far-end ; Monotonic Fall at Far-end ;
+---------------+--------------+---------------------+---------------------+------------------------------+------------------------------+---------------------+---------------------+--------------------------------------+--------------------------------------+-----------------------------+-----------------------------+----------------------------+----------------------------+-----------------------------+-----------------------------+--------------------+--------------------+-------------------------------------+-------------------------------------+----------------------------+----------------------------+---------------------------+---------------------------+
; led[0]        ; 2.5 V        ; 0 s                 ; 0 s                 ; 2.32 V                       ; 5.95e-09 V                   ; 2.38 V              ; -0.016 V            ; 0.22 V                               ; 0.025 V                              ; 3.06e-10 s                  ; 3.3e-10 s                   ; Yes                        ; Yes                        ; 2.32 V                      ; 5.95e-09 V                  ; 2.38 V             ; -0.016 V           ; 0.22 V                              ; 0.025 V                             ; 3.06e-10 s                 ; 3.3e-10 s                  ; Yes                       ; Yes                       ;
; led[1]        ; 2.5 V        ; 0 s                 ; 0 s                 ; 2.32 V                       ; 5.95e-09 V                   ; 2.38 V              ; -0.016 V            ; 0.22 V                               ; 0.025 V                              ; 3.06e-10 s                  ; 3.3e-10 s                   ; Yes                        ; Yes                        ; 2.32 V                      ; 5.95e-09 V                  ; 2.38 V             ; -0.016 V           ; 0.22 V                              ; 0.025 V                             ; 3.06e-10 s                 ; 3.3e-10 s                  ; Yes                       ; Yes                       ;
; ~ALTERA_DCLK~ ; 2.5 V        ; 0 s                 ; 0 s                 ; 2.32 V                       ; 3.45e-09 V                   ; 2.38 V              ; -0.0609 V           ; 0.148 V                              ; 0.095 V                              ; 2.82e-10 s                  ; 2.59e-10 s                  ; Yes                        ; Yes                        ; 2.32 V                      ; 3.45e-09 V                  ; 2.38 V             ; -0.0609 V          ; 0.148 V                             ; 0.095 V                             ; 2.82e-10 s                 ; 2.59e-10 s                 ; Yes                       ; Yes                       ;
; ~ALTERA_nCEO~ ; 2.5 V        ; 0 s                 ; 0 s                 ; 2.32 V                       ; 5.61e-09 V                   ; 2.38 V              ; -0.00274 V          ; 0.141 V                              ; 0.006 V                              ; 4.7e-10 s                   ; 6.02e-10 s                  ; Yes                        ; Yes                        ; 2.32 V                      ; 5.61e-09 V                  ; 2.38 V             ; -0.00274 V         ; 0.141 V                             ; 0.006 V                             ; 4.7e-10 s                  ; 6.02e-10 s                 ; Yes                       ; Yes                       ;
+---------------+--------------+---------------------+---------------------+------------------------------+------------------------------+---------------------+---------------------+--------------------------------------+--------------------------------------+-----------------------------+-----------------------------+----------------------------+----------------------------+-----------------------------+-----------------------------+--------------------+--------------------+-------------------------------------+-------------------------------------+----------------------------+----------------------------+---------------------------+---------------------------+


+--------------------------------------------------------------------------------------------------------------------------------------------------------------------------------------------------------------------------------------------------------------------------------------------------------------------------------------------------------------------------------------------------------------------------------------------------------------------------------------------------------------------------------------------------------------------------------------------------------------------------------------------------------------------------------------------+
; Signal Integrity Metrics (Slow 1200mv 85c Model)                                                                                                                                                                                                                                                                                                                                                                                                                                                                                                                                                                                                                                           ;
+---------------+--------------+---------------------+---------------------+------------------------------+------------------------------+---------------------+---------------------+--------------------------------------+--------------------------------------+-----------------------------+-----------------------------+----------------------------+----------------------------+-----------------------------+-----------------------------+--------------------+--------------------+-------------------------------------+-------------------------------------+----------------------------+----------------------------+---------------------------+---------------------------+
; Pin           ; I/O Standard ; Board Delay on Rise ; Board Delay on Fall ; Steady State Voh at FPGA Pin ; Steady State Vol at FPGA Pin ; Voh Max at FPGA Pin ; Vol Min at FPGA Pin ; Ringback Voltage on Rise at FPGA Pin ; Ringback Voltage on Fall at FPGA Pin ; 10-90 Rise Time at FPGA Pin ; 90-10 Fall Time at FPGA Pin ; Monotonic Rise at FPGA Pin ; Monotonic Fall at FPGA Pin ; Steady State Voh at Far-end ; Steady State Vol at Far-end ; Voh Max at Far-end ; Vol Min at Far-end ; Ringback Voltage on Rise at Far-end ; Ringback Voltage on Fall at Far-end ; 10-90 Rise Time at Far-end ; 90-10 Fall Time at Far-end ; Monotonic Rise at Far-end ; Monotonic Fall at Far-end ;
+---------------+--------------+---------------------+---------------------+------------------------------+------------------------------+---------------------+---------------------+--------------------------------------+--------------------------------------+-----------------------------+-----------------------------+----------------------------+----------------------------+-----------------------------+-----------------------------+--------------------+--------------------+-------------------------------------+-------------------------------------+----------------------------+----------------------------+---------------------------+---------------------------+
; led[0]        ; 2.5 V        ; 0 s                 ; 0 s                 ; 2.32 V                       ; 1.06e-06 V                   ; 2.36 V              ; -0.00724 V          ; 0.107 V                              ; 0.02 V                               ; 4.5e-10 s                   ; 4.25e-10 s                  ; Yes                        ; Yes                        ; 2.32 V                      ; 1.06e-06 V                  ; 2.36 V             ; -0.00724 V         ; 0.107 V                             ; 0.02 V                              ; 4.5e-10 s                  ; 4.25e-10 s                 ; Yes                       ; Yes                       ;
; led[1]        ; 2.5 V        ; 0 s                 ; 0 s                 ; 2.32 V                       ; 1.06e-06 V                   ; 2.36 V              ; -0.00724 V          ; 0.107 V                              ; 0.02 V                               ; 4.5e-10 s                   ; 4.25e-10 s                  ; Yes                        ; Yes                        ; 2.32 V                      ; 1.06e-06 V                  ; 2.36 V             ; -0.00724 V         ; 0.107 V                             ; 0.02 V                              ; 4.5e-10 s                  ; 4.25e-10 s                 ; Yes                       ; Yes                       ;
; ~ALTERA_DCLK~ ; 2.5 V        ; 0 s                 ; 0 s                 ; 2.32 V                       ; 5.74e-07 V                   ; 2.36 V              ; -0.0201 V           ; 0.072 V                              ; 0.033 V                              ; 4.04e-10 s                  ; 3.29e-10 s                  ; Yes                        ; Yes                        ; 2.32 V                      ; 5.74e-07 V                  ; 2.36 V             ; -0.0201 V          ; 0.072 V                             ; 0.033 V                             ; 4.04e-10 s                 ; 3.29e-10 s                 ; Yes                       ; Yes                       ;
; ~ALTERA_nCEO~ ; 2.5 V        ; 0 s                 ; 0 s                 ; 2.32 V                       ; 9.45e-07 V                   ; 2.35 V              ; -0.00643 V          ; 0.081 V                              ; 0.031 V                              ; 5.31e-10 s                  ; 7.59e-10 s                  ; Yes                        ; Yes                        ; 2.32 V                      ; 9.45e-07 V                  ; 2.35 V             ; -0.00643 V         ; 0.081 V                             ; 0.031 V                             ; 5.31e-10 s                 ; 7.59e-10 s                 ; Yes                       ; Yes                       ;
+---------------+--------------+---------------------+---------------------+------------------------------+------------------------------+---------------------+---------------------+--------------------------------------+--------------------------------------+-----------------------------+-----------------------------+----------------------------+----------------------------+-----------------------------+-----------------------------+--------------------+--------------------+-------------------------------------+-------------------------------------+----------------------------+----------------------------+---------------------------+---------------------------+


+--------------------------------------------------------------------------------------------------------------------------------------------------------------------------------------------------------------------------------------------------------------------------------------------------------------------------------------------------------------------------------------------------------------------------------------------------------------------------------------------------------------------------------------------------------------------------------------------------------------------------------------------------------------------------------------------+
; Signal Integrity Metrics (Fast 1200mv 0c Model)                                                                                                                                                                                                                                                                                                                                                                                                                                                                                                                                                                                                                                            ;
+---------------+--------------+---------------------+---------------------+------------------------------+------------------------------+---------------------+---------------------+--------------------------------------+--------------------------------------+-----------------------------+-----------------------------+----------------------------+----------------------------+-----------------------------+-----------------------------+--------------------+--------------------+-------------------------------------+-------------------------------------+----------------------------+----------------------------+---------------------------+---------------------------+
; Pin           ; I/O Standard ; Board Delay on Rise ; Board Delay on Fall ; Steady State Voh at FPGA Pin ; Steady State Vol at FPGA Pin ; Voh Max at FPGA Pin ; Vol Min at FPGA Pin ; Ringback Voltage on Rise at FPGA Pin ; Ringback Voltage on Fall at FPGA Pin ; 10-90 Rise Time at FPGA Pin ; 90-10 Fall Time at FPGA Pin ; Monotonic Rise at FPGA Pin ; Monotonic Fall at FPGA Pin ; Steady State Voh at Far-end ; Steady State Vol at Far-end ; Voh Max at Far-end ; Vol Min at Far-end ; Ringback Voltage on Rise at Far-end ; Ringback Voltage on Fall at Far-end ; 10-90 Rise Time at Far-end ; 90-10 Fall Time at Far-end ; Monotonic Rise at Far-end ; Monotonic Fall at Far-end ;
+---------------+--------------+---------------------+---------------------+------------------------------+------------------------------+---------------------+---------------------+--------------------------------------+--------------------------------------+-----------------------------+-----------------------------+----------------------------+----------------------------+-----------------------------+-----------------------------+--------------------+--------------------+-------------------------------------+-------------------------------------+----------------------------+----------------------------+---------------------------+---------------------------+
; led[0]        ; 2.5 V        ; 0 s                 ; 0 s                 ; 2.62 V                       ; 4.05e-08 V                   ; 2.72 V              ; -0.0349 V           ; 0.173 V                              ; 0.1 V                                ; 2.72e-10 s                  ; 2.69e-10 s                  ; Yes                        ; Yes                        ; 2.62 V                      ; 4.05e-08 V                  ; 2.72 V             ; -0.0349 V          ; 0.173 V                             ; 0.1 V                               ; 2.72e-10 s                 ; 2.69e-10 s                 ; Yes                       ; Yes                       ;
; led[1]        ; 2.5 V        ; 0 s                 ; 0 s                 ; 2.62 V                       ; 4.05e-08 V                   ; 2.72 V              ; -0.0349 V           ; 0.173 V                              ; 0.1 V                                ; 2.72e-10 s                  ; 2.69e-10 s                  ; Yes                        ; Yes                        ; 2.62 V                      ; 4.05e-08 V                  ; 2.72 V             ; -0.0349 V          ; 0.173 V                             ; 0.1 V                               ; 2.72e-10 s                 ; 2.69e-10 s                 ; Yes                       ; Yes                       ;
; ~ALTERA_DCLK~ ; 2.5 V        ; 0 s                 ; 0 s                 ; 2.62 V                       ; 2.22e-08 V                   ; 2.74 V              ; -0.06 V             ; 0.158 V                              ; 0.08 V                               ; 2.68e-10 s                  ; 2.19e-10 s                  ; Yes                        ; Yes                        ; 2.62 V                      ; 2.22e-08 V                  ; 2.74 V             ; -0.06 V            ; 0.158 V                             ; 0.08 V                              ; 2.68e-10 s                 ; 2.19e-10 s                 ; Yes                       ; Yes                       ;
; ~ALTERA_nCEO~ ; 2.5 V        ; 0 s                 ; 0 s                 ; 2.62 V                       ; 3.54e-08 V                   ; 2.7 V               ; -0.00943 V          ; 0.276 V                              ; 0.035 V                              ; 3.19e-10 s                  ; 4.99e-10 s                  ; No                         ; Yes                        ; 2.62 V                      ; 3.54e-08 V                  ; 2.7 V              ; -0.00943 V         ; 0.276 V                             ; 0.035 V                             ; 3.19e-10 s                 ; 4.99e-10 s                 ; No                        ; Yes                       ;
+---------------+--------------+---------------------+---------------------+------------------------------+------------------------------+---------------------+---------------------+--------------------------------------+--------------------------------------+-----------------------------+-----------------------------+----------------------------+----------------------------+-----------------------------+-----------------------------+--------------------+--------------------+-------------------------------------+-------------------------------------+----------------------------+----------------------------+---------------------------+---------------------------+


+-------------------------------------------------------------------+
; Setup Transfers                                                   ;
+------------+----------+----------+----------+----------+----------+
; From Clock ; To Clock ; RR Paths ; FR Paths ; RF Paths ; FF Paths ;
+------------+----------+----------+----------+----------+----------+
; button2    ; button2  ; 21       ; 0        ; 0        ; 0        ;
; button2    ; clk      ; 7        ; 0        ; 0        ; 0        ;
+------------+----------+----------+----------+----------+----------+
Entries labeled "false path" only account for clock-to-clock false paths and not path-based false paths. As a result, actual path counts may be lower than reported.


+-------------------------------------------------------------------+
; Hold Transfers                                                    ;
+------------+----------+----------+----------+----------+----------+
; From Clock ; To Clock ; RR Paths ; FR Paths ; RF Paths ; FF Paths ;
+------------+----------+----------+----------+----------+----------+
; button2    ; button2  ; 21       ; 0        ; 0        ; 0        ;
; button2    ; clk      ; 7        ; 0        ; 0        ; 0        ;
+------------+----------+----------+----------+----------+----------+
Entries labeled "false path" only account for clock-to-clock false paths and not path-based false paths. As a result, actual path counts may be lower than reported.


---------------
; Report TCCS ;
---------------
No dedicated SERDES Transmitter circuitry present in device or used in design


---------------
; Report RSKM ;
---------------
No non-DPA dedicated SERDES Receiver circuitry present in device or used in design


+------------------------------------------------+
; Unconstrained Paths Summary                    ;
+---------------------------------+-------+------+
; Property                        ; Setup ; Hold ;
+---------------------------------+-------+------+
; Illegal Clocks                  ; 0     ; 0    ;
; Unconstrained Clocks            ; 0     ; 0    ;
; Unconstrained Input Ports       ; 2     ; 2    ;
; Unconstrained Input Port Paths  ; 6     ; 6    ;
; Unconstrained Output Ports      ; 2     ; 2    ;
; Unconstrained Output Port Paths ; 2     ; 2    ;
+---------------------------------+-------+------+


+----------------------------------------+
; Clock Status Summary                   ;
+---------+---------+------+-------------+
; Target  ; Clock   ; Type ; Status      ;
+---------+---------+------+-------------+
; button2 ; button2 ; Base ; Constrained ;
; clk     ; clk     ; Base ; Constrained ;
+---------+---------+------+-------------+


+---------------------------------------------------------------------------------------------------+
; Unconstrained Input Ports                                                                         ;
+------------+--------------------------------------------------------------------------------------+
; Input Port ; Comment                                                                              ;
+------------+--------------------------------------------------------------------------------------+
; button1    ; No input delay, min/max delays, false-path exceptions, or max skew assignments found ;
; dip        ; No input delay, min/max delays, false-path exceptions, or max skew assignments found ;
+------------+--------------------------------------------------------------------------------------+


+-----------------------------------------------------------------------------------------------------+
; Unconstrained Output Ports                                                                          ;
+-------------+---------------------------------------------------------------------------------------+
; Output Port ; Comment                                                                               ;
+-------------+---------------------------------------------------------------------------------------+
; led[0]      ; No output delay, min/max delays, false-path exceptions, or max skew assignments found ;
; led[1]      ; No output delay, min/max delays, false-path exceptions, or max skew assignments found ;
+-------------+---------------------------------------------------------------------------------------+


+---------------------------------------------------------------------------------------------------+
; Unconstrained Input Ports                                                                         ;
+------------+--------------------------------------------------------------------------------------+
; Input Port ; Comment                                                                              ;
+------------+--------------------------------------------------------------------------------------+
; button1    ; No input delay, min/max delays, false-path exceptions, or max skew assignments found ;
; dip        ; No input delay, min/max delays, false-path exceptions, or max skew assignments found ;
+------------+--------------------------------------------------------------------------------------+


+-----------------------------------------------------------------------------------------------------+
; Unconstrained Output Ports                                                                          ;
+-------------+---------------------------------------------------------------------------------------+
; Output Port ; Comment                                                                               ;
+-------------+---------------------------------------------------------------------------------------+
; led[0]      ; No output delay, min/max delays, false-path exceptions, or max skew assignments found ;
; led[1]      ; No output delay, min/max delays, false-path exceptions, or max skew assignments found ;
+-------------+---------------------------------------------------------------------------------------+


+------------------------------------+
; TimeQuest Timing Analyzer Messages ;
+------------------------------------+
Info: *******************************************************************
Info: Running Quartus Prime TimeQuest Timing Analyzer
    Info: Version 15.1.0 Build 185 10/21/2015 SJ Lite Edition
    Info: Processing started: Tue Mar 15 18:39:09 2016
Info: Command: quartus_sta lab3 -c lab3
Info: qsta_default_script.tcl version: #1
Info (20030): Parallel compilation is enabled and will use 2 of the 2 processors detected
Info (21077): Low junction temperature is 0 degrees C
Info (21077): High junction temperature is 85 degrees C
Warning (335093): TimeQuest Timing Analyzer is analyzing 2 combinational loops as latches.
Critical Warning (332012): Synopsys Design Constraints File file not found: 'lab3.sdc'. A Synopsys Design Constraints File is required by the TimeQuest Timing Analyzer to get proper timing constraints. Without it, the Compiler will not properly optimize the design.
Info (332142): No user constrained base clocks found in the design. Calling "derive_clocks -period 1.0"
Info (332105): Deriving Clocks
    Info (332105): create_clock -period 1.000 -name clk clk
    Info (332105): create_clock -period 1.000 -name button2 button2
Info (332143): No user constrained clock uncertainty found in the design. Calling "derive_clock_uncertainty"
Info (332123): Deriving Clock Uncertainty. Please refer to report_sdc in TimeQuest to see clock uncertainties.
Info: Found TIMEQUEST_REPORT_SCRIPT_INCLUDE_DEFAULT_ANALYSIS = ON
Info: Analyzing Slow 1200mV 85C Model
Critical Warning (332148): Timing requirements not met
    Info (11105): For recommendations on closing timing, run Report Timing Closure Recommendations in the TimeQuest Timing Analyzer.
Info (332146): Worst-case setup slack is -0.926
    Info (332119):     Slack       End Point TNS Clock 
    Info (332119): ========= =================== =====================
    Info (332119):    -0.926              -2.279 button2 
    Info (332119):    -0.149              -0.149 clk 
Info (332146): Worst-case hold slack is 0.211
    Info (332119):     Slack       End Point TNS Clock 
    Info (332119): ========= =================== =====================
    Info (332119):     0.211               0.000 button2 
    Info (332119):     0.316               0.000 clk 
Info (332140): No Recovery paths to report
Info (332140): No Removal paths to report
Info (332146): Worst-case minimum pulse width slack is -3.000
    Info (332119):     Slack       End Point TNS Clock 
    Info (332119): ========= =================== =====================
    Info (332119):    -3.000              -9.522 clk 
    Info (332119):    -3.000              -8.000 button2 
Info: Analyzing Slow 1200mV 0C Model
Info (334003): Started post-fitting delay annotation
Info (334004): Delay annotation completed successfully
Info (332123): Deriving Clock Uncertainty. Please refer to report_sdc in TimeQuest to see clock uncertainties.
Critical Warning (332148): Timing requirements not met
    Info (11105): For recommendations on closing timing, run Report Timing Closure Recommendations in the TimeQuest Timing Analyzer.
Info (332146): Worst-case setup slack is -0.740
    Info (332119):     Slack       End Point TNS Clock 
    Info (332119): ========= =================== =====================
    Info (332119):    -0.740              -1.477 button2 
    Info (332119):     0.012               0.000 clk 
Info (332146): Worst-case hold slack is 0.233
    Info (332119):     Slack       End Point TNS Clock 
    Info (332119): ========= =================== =====================
    Info (332119):     0.233               0.000 button2 
    Info (332119):     0.263               0.000 clk 
Info (332140): No Recovery paths to report
Info (332140): No Removal paths to report
Info (332146): Worst-case minimum pulse width slack is -3.000
    Info (332119):     Slack       End Point TNS Clock 
    Info (332119): ========= =================== =====================
    Info (332119):    -3.000              -9.522 clk 
    Info (332119):    -3.000              -8.000 button2 
Info: Analyzing Fast 1200mV 0C Model
Info (332123): Deriving Clock Uncertainty. Please refer to report_sdc in TimeQuest to see clock uncertainties.
Critical Warning (332148): Timing requirements not met
    Info (11105): For recommendations on closing timing, run Report Timing Closure Recommendations in the TimeQuest Timing Analyzer.
Info (332146): Worst-case setup slack is -0.061
    Info (332119):     Slack       End Point TNS Clock 
    Info (332119): ========= =================== =====================
    Info (332119):    -0.061              -0.061 button2 
    Info (332119):     0.255               0.000 clk 
Info (332146): Worst-case hold slack is 0.063
    Info (332119):     Slack       End Point TNS Clock 
    Info (332119): ========= =================== =====================
    Info (332119):     0.063               0.000 button2 
    Info (332119):     0.173               0.000 clk 
Info (332140): No Recovery paths to report
Info (332140): No Removal paths to report
Info (332146): Worst-case minimum pulse width slack is -3.000
    Info (332119):     Slack       End Point TNS Clock 
    Info (332119): ========= =================== =====================
    Info (332119):    -3.000              -8.285 button2 
    Info (332119):    -3.000              -6.590 clk 
Info (332102): Design is not fully constrained for setup requirements
Info (332102): Design is not fully constrained for hold requirements
Info: Quartus Prime TimeQuest Timing Analyzer was successful. 0 errors, 5 warnings
    Info: Peak virtual memory: 797 megabytes
    Info: Processing ended: Tue Mar 15 18:39:11 2016
    Info: Elapsed time: 00:00:02
    Info: Total CPU time (on all processors): 00:00:02


